  [1m[35m (0.7ms)[0m  [1m[35mDROP DATABASE IF EXISTS "chatxoxo_development"[0m
  [1m[35m (0.2ms)[0m  [1m[35mDROP DATABASE IF EXISTS "chatxoxo_test"[0m
  [1m[35m (506.0ms)[0m  [1m[35mCREATE DATABASE "chatxoxo_development" ENCODING = 'unicode'[0m
  [1m[35m (142.8ms)[0m  [1m[35mCREATE DATABASE "chatxoxo_test" ENCODING = 'unicode'[0m
  [1m[35m (32.4ms)[0m  [1m[35mCREATE TABLE "schema_migrations" ("version" character varying NOT NULL PRIMARY KEY)[0m
  [1m[35m (6.0ms)[0m  [1m[35mCREATE TABLE "ar_internal_metadata" ("key" character varying NOT NULL PRIMARY KEY, "value" character varying, "created_at" timestamp(6) NOT NULL, "updated_at" timestamp(6) NOT NULL)[0m
  [1m[35m (0.9ms)[0m  [1m[34mSELECT pg_try_advisory_lock(3228797634163998225)[0m
  [1m[36mActiveRecord::SchemaMigration Pluck (1.3ms)[0m  [1m[34mSELECT "schema_migrations"."version" FROM "schema_migrations" ORDER BY "schema_migrations"."version" ASC[0m
  [1m[36mActiveRecord::InternalMetadata Load (0.5ms)[0m  [1m[34mSELECT "ar_internal_metadata".* FROM "ar_internal_metadata" WHERE "ar_internal_metadata"."key" = $1 LIMIT $2[0m  [["key", "environment"], ["LIMIT", 1]]
  [1m[36mTRANSACTION (0.2ms)[0m  [1m[35mBEGIN[0m
  [1m[36mActiveRecord::InternalMetadata Create (1.1ms)[0m  [1m[32mINSERT INTO "ar_internal_metadata" ("key", "value", "created_at", "updated_at") VALUES ($1, $2, $3, $4) RETURNING "key"[0m  [["key", "environment"], ["value", "development"], ["created_at", "2023-02-18 18:02:07.846106"], ["updated_at", "2023-02-18 18:02:07.846106"]]
  [1m[36mTRANSACTION (0.6ms)[0m  [1m[35mCOMMIT[0m
  [1m[35m (0.4ms)[0m  [1m[34mSELECT pg_advisory_unlock(3228797634163998225)[0m
  [1m[36mActiveRecord::SchemaMigration Pluck (1.0ms)[0m  [1m[34mSELECT "schema_migrations"."version" FROM "schema_migrations" ORDER BY "schema_migrations"."version" ASC[0m
  [1m[35m (0.4ms)[0m  [1m[34mSELECT pg_try_advisory_lock(3228797634163998225)[0m
  [1m[36mActiveRecord::SchemaMigration Pluck (1.1ms)[0m  [1m[34mSELECT "schema_migrations"."version" FROM "schema_migrations" ORDER BY "schema_migrations"."version" ASC[0m
Migrating to DeviseCreateUsers (20230218180220)
  [1m[36mTRANSACTION (0.3ms)[0m  [1m[35mBEGIN[0m
  [1m[35m (8.5ms)[0m  [1m[35mCREATE TABLE "users" ("id" bigserial primary key, "email" character varying DEFAULT '' NOT NULL, "encrypted_password" character varying DEFAULT '' NOT NULL, "reset_password_token" character varying, "reset_password_sent_at" timestamp(6), "remember_created_at" timestamp(6), "created_at" timestamp(6) NOT NULL, "updated_at" timestamp(6) NOT NULL)[0m
  [1m[35m (1.6ms)[0m  [1m[35mCREATE UNIQUE INDEX "index_users_on_email" ON "users" ("email")[0m
  [1m[35m (1.7ms)[0m  [1m[35mCREATE UNIQUE INDEX "index_users_on_reset_password_token" ON "users" ("reset_password_token")[0m
  [1m[36mActiveRecord::SchemaMigration Create (0.7ms)[0m  [1m[32mINSERT INTO "schema_migrations" ("version") VALUES ($1) RETURNING "version"[0m  [["version", "20230218180220"]]
  [1m[36mTRANSACTION (0.9ms)[0m  [1m[35mCOMMIT[0m
  [1m[36mActiveRecord::InternalMetadata Load (0.5ms)[0m  [1m[34mSELECT "ar_internal_metadata".* FROM "ar_internal_metadata" WHERE "ar_internal_metadata"."key" = $1 LIMIT $2[0m  [["key", "environment"], ["LIMIT", 1]]
  [1m[35m (0.5ms)[0m  [1m[34mSELECT pg_advisory_unlock(3228797634163998225)[0m
  [1m[36mActiveRecord::SchemaMigration Pluck (1.1ms)[0m  [1m[34mSELECT "schema_migrations"."version" FROM "schema_migrations" ORDER BY "schema_migrations"."version" ASC[0m
  [1m[35m (0.2ms)[0m  [1m[34mSELECT pg_try_advisory_lock(3228797634163998225)[0m
  [1m[36mActiveRecord::SchemaMigration Pluck (0.8ms)[0m  [1m[34mSELECT "schema_migrations"."version" FROM "schema_migrations" ORDER BY "schema_migrations"."version" ASC[0m
Migrating to CreateChatrooms (20230218180755)
  [1m[36mTRANSACTION (0.2ms)[0m  [1m[35mBEGIN[0m
  [1m[35m (10.8ms)[0m  [1m[35mCREATE TABLE "chatrooms" ("id" bigserial primary key, "name" character varying, "created_at" timestamp(6) NOT NULL, "updated_at" timestamp(6) NOT NULL)[0m
  [1m[36mActiveRecord::SchemaMigration Create (0.4ms)[0m  [1m[32mINSERT INTO "schema_migrations" ("version") VALUES ($1) RETURNING "version"[0m  [["version", "20230218180755"]]
  [1m[36mTRANSACTION (0.7ms)[0m  [1m[35mCOMMIT[0m
Migrating to CreateMessages (20230218180757)
  [1m[36mTRANSACTION (0.4ms)[0m  [1m[35mBEGIN[0m
  [1m[35m (24.6ms)[0m  [1m[35mCREATE TABLE "messages" ("id" bigserial primary key, "content" character varying, "chatroom_id" bigint NOT NULL, "user_id" bigint NOT NULL, "created_at" timestamp(6) NOT NULL, "updated_at" timestamp(6) NOT NULL, CONSTRAINT "fk_rails_5d3b5a27f5"
FOREIGN KEY ("chatroom_id")
  REFERENCES "chatrooms" ("id")
, CONSTRAINT "fk_rails_273a25a7a6"
FOREIGN KEY ("user_id")
  REFERENCES "users" ("id")
)[0m
  [1m[35m (3.6ms)[0m  [1m[35mCREATE INDEX "index_messages_on_chatroom_id" ON "messages" ("chatroom_id")[0m
  [1m[35m (1.2ms)[0m  [1m[35mCREATE INDEX "index_messages_on_user_id" ON "messages" ("user_id")[0m
  [1m[36mActiveRecord::SchemaMigration Create (0.3ms)[0m  [1m[32mINSERT INTO "schema_migrations" ("version") VALUES ($1) RETURNING "version"[0m  [["version", "20230218180757"]]
  [1m[36mTRANSACTION (0.8ms)[0m  [1m[35mCOMMIT[0m
Migrating to AddNicknameToUsers (20230218180759)
  [1m[36mTRANSACTION (0.4ms)[0m  [1m[35mBEGIN[0m
  [1m[35m (10.0ms)[0m  [1m[35mALTER TABLE "users" ADD "nickname" character varying[0m
  [1m[36mActiveRecord::SchemaMigration Create (0.3ms)[0m  [1m[32mINSERT INTO "schema_migrations" ("version") VALUES ($1) RETURNING "version"[0m  [["version", "20230218180759"]]
  [1m[36mTRANSACTION (0.5ms)[0m  [1m[35mCOMMIT[0m
  [1m[36mActiveRecord::InternalMetadata Load (0.4ms)[0m  [1m[34mSELECT "ar_internal_metadata".* FROM "ar_internal_metadata" WHERE "ar_internal_metadata"."key" = $1 LIMIT $2[0m  [["key", "environment"], ["LIMIT", 1]]
  [1m[35m (0.3ms)[0m  [1m[34mSELECT pg_advisory_unlock(3228797634163998225)[0m
  [1m[36mActiveRecord::SchemaMigration Pluck (1.0ms)[0m  [1m[34mSELECT "schema_migrations"."version" FROM "schema_migrations" ORDER BY "schema_migrations"."version" ASC[0m
Started GET "/" for ::1 at 2023-02-18 13:19:06 -0500
  [1m[36mActiveRecord::SchemaMigration Pluck (1.5ms)[0m  [1m[34mSELECT "schema_migrations"."version" FROM "schema_migrations" ORDER BY "schema_migrations"."version" ASC[0m
Processing by PagesController#home as HTML
  Rendering layout layouts/application.html.erb
  Rendering pages/home.html.erb within layouts/application
  Rendered pages/home.html.erb within layouts/application (Duration: 4.5ms | Allocations: 391)
  Rendered shared/_navbar.html.erb (Duration: 7.7ms | Allocations: 850)
  Rendered shared/_flashes.html.erb (Duration: 1.2ms | Allocations: 207)
  Rendered layout layouts/application.html.erb (Duration: 12145.0ms | Allocations: 156433)
Completed 200 OK in 12179ms (Views: 12157.6ms | ActiveRecord: 0.0ms | Allocations: 160619)


Started GET "/show" for ::1 at 2023-02-18 13:19:23 -0500
  
ActionController::RoutingError (No route matches [GET] "/show"):
  
Started GET "/chatroom" for ::1 at 2023-02-18 13:19:45 -0500
  
ActionController::RoutingError (No route matches [GET] "/chatroom"):
  
Started GET "/chatroom/show" for ::1 at 2023-02-18 13:26:47 -0500
  
ActionController::RoutingError (No route matches [GET] "/chatroom/show"):
  
  [1m[35m (0.3ms)[0m  [1m[34mSELECT pg_try_advisory_lock(3228797634163998225)[0m
  [1m[36mActiveRecord::SchemaMigration Pluck (1.2ms)[0m  [1m[34mSELECT "schema_migrations"."version" FROM "schema_migrations" ORDER BY "schema_migrations"."version" ASC[0m
  [1m[36mActiveRecord::InternalMetadata Load (0.5ms)[0m  [1m[34mSELECT "ar_internal_metadata".* FROM "ar_internal_metadata" WHERE "ar_internal_metadata"."key" = $1 LIMIT $2[0m  [["key", "environment"], ["LIMIT", 1]]
  [1m[35m (0.3ms)[0m  [1m[34mSELECT pg_advisory_unlock(3228797634163998225)[0m
  [1m[36mActiveRecord::SchemaMigration Pluck (0.6ms)[0m  [1m[34mSELECT "schema_migrations"."version" FROM "schema_migrations" ORDER BY "schema_migrations"."version" ASC[0m
  [1m[36mActiveRecord::SchemaMigration Pluck (2.3ms)[0m  [1m[34mSELECT "schema_migrations"."version" FROM "schema_migrations" ORDER BY "schema_migrations"."version" ASC[0m
  [1m[36mTRANSACTION (0.2ms)[0m  [1m[35mBEGIN[0m
  [1m[36mChatroom Create (10.0ms)[0m  [1m[32mINSERT INTO "chatrooms" ("name", "created_at", "updated_at") VALUES ($1, $2, $3) RETURNING "id"[0m  [["name", "general"], ["created_at", "2023-02-18 18:27:04.439272"], ["updated_at", "2023-02-18 18:27:04.439272"]]
  [1m[36mTRANSACTION (0.8ms)[0m  [1m[35mCOMMIT[0m
  [1m[36mTRANSACTION (0.2ms)[0m  [1m[35mBEGIN[0m
  [1m[36mUser Exists? (1.9ms)[0m  [1m[34mSELECT 1 AS one FROM "users" WHERE "users"."email" = $1 LIMIT $2[0m  [["email", "pam@theoffice.com"], ["LIMIT", 1]]
  [1m[36mUser Create (6.9ms)[0m  [1m[32mINSERT INTO "users" ("email", "encrypted_password", "reset_password_token", "reset_password_sent_at", "remember_created_at", "created_at", "updated_at", "nickname") VALUES ($1, $2, $3, $4, $5, $6, $7, $8) RETURNING "id"[0m  [["email", "pam@theoffice.com"], ["encrypted_password", "[FILTERED]"], ["reset_password_token", "[FILTERED]"], ["reset_password_sent_at", "[FILTERED]"], ["remember_created_at", nil], ["created_at", "2023-02-18 18:27:04.812509"], ["updated_at", "2023-02-18 18:27:04.812509"], ["nickname", "paaaam"]]
  [1m[36mTRANSACTION (0.4ms)[0m  [1m[35mCOMMIT[0m
  [1m[36mTRANSACTION (0.2ms)[0m  [1m[35mBEGIN[0m
  [1m[36mUser Exists? (0.3ms)[0m  [1m[34mSELECT 1 AS one FROM "users" WHERE "users"."email" = $1 LIMIT $2[0m  [["email", "kelly@theoffice.com"], ["LIMIT", 1]]
  [1m[36mUser Create (0.3ms)[0m  [1m[32mINSERT INTO "users" ("email", "encrypted_password", "reset_password_token", "reset_password_sent_at", "remember_created_at", "created_at", "updated_at", "nickname") VALUES ($1, $2, $3, $4, $5, $6, $7, $8) RETURNING "id"[0m  [["email", "kelly@theoffice.com"], ["encrypted_password", "[FILTERED]"], ["reset_password_token", "[FILTERED]"], ["reset_password_sent_at", "[FILTERED]"], ["remember_created_at", nil], ["created_at", "2023-02-18 18:27:05.125920"], ["updated_at", "2023-02-18 18:27:05.125920"], ["nickname", "kellyy"]]
  [1m[36mTRANSACTION (1.2ms)[0m  [1m[35mCOMMIT[0m
Started GET "/chatroom/show" for ::1 at 2023-02-18 13:27:21 -0500
  [1m[36mActiveRecord::SchemaMigration Pluck (1.5ms)[0m  [1m[34mSELECT "schema_migrations"."version" FROM "schema_migrations" ORDER BY "schema_migrations"."version" ASC[0m
  
ActionController::RoutingError (No route matches [GET] "/chatroom/show"):
  
Started GET "/show" for ::1 at 2023-02-18 13:27:26 -0500
  
ActionController::RoutingError (No route matches [GET] "/show"):
  
Started GET "/show" for ::1 at 2023-02-18 13:27:29 -0500
  
ActionController::RoutingError (No route matches [GET] "/show"):
  
Started GET "/" for ::1 at 2023-02-18 13:27:32 -0500
Processing by PagesController#home as HTML
  Rendering layout layouts/application.html.erb
  Rendering pages/home.html.erb within layouts/application
  Rendered pages/home.html.erb within layouts/application (Duration: 2.8ms | Allocations: 109)
  Rendered shared/_navbar.html.erb (Duration: 3.8ms | Allocations: 819)
  Rendered shared/_flashes.html.erb (Duration: 1.6ms | Allocations: 207)
  Rendered layout layouts/application.html.erb (Duration: 512.2ms | Allocations: 55698)
Completed 200 OK in 522ms (Views: 514.3ms | ActiveRecord: 0.0ms | Allocations: 57695)


Started GET "/" for ::1 at 2023-02-18 13:29:38 -0500
Processing by PagesController#home as HTML
  Rendering layout layouts/application.html.erb
  Rendering pages/home.html.erb within layouts/application
  Rendered pages/home.html.erb within layouts/application (Duration: 0.8ms | Allocations: 108)
  Rendered shared/_navbar.html.erb (Duration: 1.3ms | Allocations: 580)
  Rendered shared/_flashes.html.erb (Duration: 0.8ms | Allocations: 190)
  Rendered layout layouts/application.html.erb (Duration: 22.4ms | Allocations: 10135)
Completed 200 OK in 27ms (Views: 25.9ms | ActiveRecord: 0.0ms | Allocations: 10948)


Started GET "/users/sign_in" for ::1 at 2023-02-18 13:29:40 -0500
Processing by Devise::SessionsController#new as HTML
  Rendering layout layouts/application.html.erb
  Rendering devise/sessions/new.html.erb within layouts/application
  Rendered devise/shared/_links.html.erb (Duration: 1.9ms | Allocations: 669)
  Rendered devise/sessions/new.html.erb within layouts/application (Duration: 162.7ms | Allocations: 36286)
  Rendered shared/_navbar.html.erb (Duration: 0.3ms | Allocations: 194)
  Rendered shared/_flashes.html.erb (Duration: 0.1ms | Allocations: 35)
  Rendered layout layouts/application.html.erb (Duration: 177.1ms | Allocations: 45016)
Completed 200 OK in 202ms (Views: 179.2ms | ActiveRecord: 6.4ms | Allocations: 53189)


Started POST "/users/sign_in" for ::1 at 2023-02-18 13:29:51 -0500
Processing by Devise::SessionsController#create as HTML
  Parameters: {"authenticity_token"=>"[FILTERED]", "user"=>{"email"=>"pam@theoffice.com", "password"=>"[FILTERED]", "remember_me"=>"1"}, "commit"=>"Log in"}
  [1m[36mUser Load (0.6ms)[0m  [1m[34mSELECT "users".* FROM "users" WHERE "users"."email" = $1 ORDER BY "users"."id" ASC LIMIT $2[0m  [["email", "pam@theoffice.com"], ["LIMIT", 1]]
  [1m[36mTRANSACTION (0.2ms)[0m  [1m[35mBEGIN[0m
  [1m[36mUser Update (13.4ms)[0m  [1m[33mUPDATE "users" SET "remember_created_at" = $1, "updated_at" = $2 WHERE "users"."id" = $3[0m  [["remember_created_at", "2023-02-18 18:29:52.298730"], ["updated_at", "2023-02-18 18:29:52.299190"], ["id", 1]]
  [1m[36mTRANSACTION (3.8ms)[0m  [1m[35mCOMMIT[0m
Redirected to http://localhost:3000/
Completed 303 See Other in 360ms (ActiveRecord: 18.2ms | Allocations: 10809)


Started GET "/" for ::1 at 2023-02-18 13:29:52 -0500
Processing by PagesController#home as HTML
  Rendering layout layouts/application.html.erb
  Rendering pages/home.html.erb within layouts/application
  Rendered pages/home.html.erb within layouts/application (Duration: 0.0ms | Allocations: 9)
  [1m[36mUser Load (0.2ms)[0m  [1m[34mSELECT "users".* FROM "users" WHERE "users"."id" = $1 ORDER BY "users"."id" ASC LIMIT $2[0m  [["id", 1], ["LIMIT", 1]]
  ↳ app/views/shared/_navbar.html.erb:13
  Rendered shared/_navbar.html.erb (Duration: 2.6ms | Allocations: 1112)
  Rendered shared/_flashes.html.erb (Duration: 0.1ms | Allocations: 30)
  Rendered layout layouts/application.html.erb (Duration: 16.0ms | Allocations: 10046)
Completed 200 OK in 17ms (Views: 16.2ms | ActiveRecord: 0.2ms | Allocations: 10306)


Started GET "/messages" for ::1 at 2023-02-18 13:30:26 -0500
  
ActionController::RoutingError (No route matches [GET] "/messages"):
  
Started PUT "/__web_console/repl_sessions/dee86f3f7c3a657d411a10b17e6e43c1" for ::1 at 2023-02-18 13:31:01 -0500
Started PUT "/__web_console/repl_sessions/dee86f3f7c3a657d411a10b17e6e43c1" for ::1 at 2023-02-18 13:31:03 -0500
Started PUT "/__web_console/repl_sessions/dee86f3f7c3a657d411a10b17e6e43c1" for ::1 at 2023-02-18 13:31:04 -0500
  [1m[36mChatroom Load (0.4ms)[0m  [1m[34mSELECT "chatrooms".* FROM "chatrooms" /* loading for inspect */ LIMIT $1[0m  [["LIMIT", 11]]
Started GET "/" for ::1 at 2023-02-18 13:31:44 -0500
Processing by PagesController#home as HTML
  Rendering layout layouts/application.html.erb
  Rendering pages/home.html.erb within layouts/application
  Rendered pages/home.html.erb within layouts/application (Duration: 1.0ms | Allocations: 108)
  [1m[36mUser Load (0.3ms)[0m  [1m[34mSELECT "users".* FROM "users" WHERE "users"."id" = $1 ORDER BY "users"."id" ASC LIMIT $2[0m  [["id", 1], ["LIMIT", 1]]
  ↳ app/views/shared/_navbar.html.erb:13
  Rendered shared/_navbar.html.erb (Duration: 5.8ms | Allocations: 2801)
  Rendered layout layouts/application.html.erb (Duration: 27.3ms | Allocations: 12078)
Completed 500 Internal Server Error in 31ms (ActiveRecord: 0.3ms | Allocations: 12898)


  
ActionView::Template::Error (No route matches {:action=>"show", :controller=>"chatrooms"}, missing required keys: [:id]
Did you mean?  chatroom_url):
    15:             <%= link_to "Home", "#", class: "nav-link" %>
    16:           </li>
    17:           <li class="nav-item">
    18:             <%= link_to "Messages", chatroom_path, class: "nav-link" %>
    19:           </li>
    20:           <li class="nav-item dropdown">
    21:             <a class="nav-link" href="#" data-bs-toggle="dropdown"><%= current_user.nickname %></a>
  
app/views/shared/_navbar.html.erb:18
app/views/layouts/application.html.erb:13
Started POST "/users/sign_in" for ::1 at 2023-02-18 13:32:23 -0500
Processing by Devise::SessionsController#create as HTML
  Parameters: {"authenticity_token"=>"[FILTERED]", "user"=>{"email"=>"pam@theoffice.com", "password"=>"[FILTERED]", "remember_me"=>"1"}, "commit"=>"Log in"}
  [1m[36mUser Load (0.7ms)[0m  [1m[34mSELECT "users".* FROM "users" WHERE "users"."id" = $1 ORDER BY "users"."id" ASC LIMIT $2[0m  [["id", 1], ["LIMIT", 1]]
Redirected to http://localhost:3000/
Filter chain halted as :require_no_authentication rendered or redirected
Completed 302 Found in 6ms (ActiveRecord: 0.7ms | Allocations: 1770)


Started GET "/" for ::1 at 2023-02-18 13:32:23 -0500
Processing by PagesController#home as HTML
  Rendering layout layouts/application.html.erb
  Rendering pages/home.html.erb within layouts/application
  Rendered pages/home.html.erb within layouts/application (Duration: 0.0ms | Allocations: 7)
  [1m[36mUser Load (0.3ms)[0m  [1m[34mSELECT "users".* FROM "users" WHERE "users"."id" = $1 ORDER BY "users"."id" ASC LIMIT $2[0m  [["id", 1], ["LIMIT", 1]]
  ↳ app/views/shared/_navbar.html.erb:13
  Rendered shared/_navbar.html.erb (Duration: 3.5ms | Allocations: 2220)
  Rendered layout layouts/application.html.erb (Duration: 22.8ms | Allocations: 10886)
Completed 500 Internal Server Error in 24ms (ActiveRecord: 0.3ms | Allocations: 11118)


  
ActionView::Template::Error (No route matches {:action=>"show", :controller=>"chatrooms"}, missing required keys: [:id]
Did you mean?  chatroom_url):
    15:             <%= link_to "Home", "#", class: "nav-link" %>
    16:           </li>
    17:           <li class="nav-item">
    18:             <%= link_to "Messages", chatroom_path, class: "nav-link" %>
    19:           </li>
    20:           <li class="nav-item dropdown">
    21:             <a class="nav-link" href="#" data-bs-toggle="dropdown"><%= current_user.nickname %></a>
  
app/views/shared/_navbar.html.erb:18
app/views/layouts/application.html.erb:13
Started GET "/" for ::1 at 2023-02-18 13:43:29 -0500
Processing by PagesController#home as HTML
  Rendering layout layouts/application.html.erb
  Rendering pages/home.html.erb within layouts/application
  Rendered pages/home.html.erb within layouts/application (Duration: 1.7ms | Allocations: 108)
  [1m[36mUser Load (0.6ms)[0m  [1m[34mSELECT "users".* FROM "users" WHERE "users"."id" = $1 ORDER BY "users"."id" ASC LIMIT $2[0m  [["id", 1], ["LIMIT", 1]]
  ↳ app/views/shared/_navbar.html.erb:13
  [1m[36mChatroom Load (0.4ms)[0m  [1m[34mSELECT "chatrooms".* FROM "chatrooms" ORDER BY "chatrooms"."id" ASC LIMIT $1[0m  [["LIMIT", 1]]
  ↳ app/views/shared/_navbar.html.erb:18
  Rendered shared/_navbar.html.erb (Duration: 62.5ms | Allocations: 5265)
  Rendered shared/_flashes.html.erb (Duration: 1.4ms | Allocations: 196)
  Rendered layout layouts/application.html.erb (Duration: 101.9ms | Allocations: 14872)
Completed 200 OK in 109ms (Views: 107.4ms | ActiveRecord: 28.1ms | Allocations: 15646)


Started GET "/chatrooms/1" for ::1 at 2023-02-18 13:43:32 -0500
Processing by ChatroomsController#show as HTML
  Parameters: {"id"=>"1"}
  [1m[36mUser Load (0.3ms)[0m  [1m[34mSELECT "users".* FROM "users" WHERE "users"."id" = $1 ORDER BY "users"."id" ASC LIMIT $2[0m  [["id", 1], ["LIMIT", 1]]
  [1m[36mChatroom Load (0.3ms)[0m  [1m[34mSELECT "chatrooms".* FROM "chatrooms" WHERE "chatrooms"."id" = $1 LIMIT $2[0m  [["id", 1], ["LIMIT", 1]]
  ↳ app/controllers/chatrooms_controller.rb:3:in `show'
  Rendering layout layouts/application.html.erb
  Rendering chatrooms/show.html.erb within layouts/application
  [1m[36mMessage Load (11.7ms)[0m  [1m[34mSELECT "messages".* FROM "messages" WHERE "messages"."chatroom_id" = $1[0m  [["chatroom_id", 1]]
  ↳ app/views/chatrooms/show.html.erb:5
  Rendered chatrooms/show.html.erb within layouts/application (Duration: 41.2ms | Allocations: 5770)
  [1m[36mChatroom Load (0.3ms)[0m  [1m[34mSELECT "chatrooms".* FROM "chatrooms" ORDER BY "chatrooms"."id" ASC LIMIT $1[0m  [["LIMIT", 1]]
  ↳ app/views/shared/_navbar.html.erb:18
  Rendered shared/_navbar.html.erb (Duration: 2.4ms | Allocations: 960)
  Rendered shared/_flashes.html.erb (Duration: 0.1ms | Allocations: 35)
  Rendered layout layouts/application.html.erb (Duration: 60.1ms | Allocations: 15325)
Completed 200 OK in 99ms (Views: 50.0ms | ActiveRecord: 19.2ms | Allocations: 23254)


Started GET "/chatrooms/1" for ::1 at 2023-02-18 13:43:39 -0500
Processing by ChatroomsController#show as HTML
  Parameters: {"id"=>"1"}
  [1m[36mUser Load (0.3ms)[0m  [1m[34mSELECT "users".* FROM "users" WHERE "users"."id" = $1 ORDER BY "users"."id" ASC LIMIT $2[0m  [["id", 1], ["LIMIT", 1]]
  [1m[36mChatroom Load (0.2ms)[0m  [1m[34mSELECT "chatrooms".* FROM "chatrooms" WHERE "chatrooms"."id" = $1 LIMIT $2[0m  [["id", 1], ["LIMIT", 1]]
  ↳ app/controllers/chatrooms_controller.rb:3:in `show'
  Rendering layout layouts/application.html.erb
  Rendering chatrooms/show.html.erb within layouts/application
  [1m[36mMessage Load (0.2ms)[0m  [1m[34mSELECT "messages".* FROM "messages" WHERE "messages"."chatroom_id" = $1[0m  [["chatroom_id", 1]]
  ↳ app/views/chatrooms/show.html.erb:5
  Rendered chatrooms/show.html.erb within layouts/application (Duration: 2.3ms | Allocations: 686)
  [1m[36mChatroom Load (0.3ms)[0m  [1m[34mSELECT "chatrooms".* FROM "chatrooms" ORDER BY "chatrooms"."id" ASC LIMIT $1[0m  [["LIMIT", 1]]
  ↳ app/views/shared/_navbar.html.erb:18
  Rendered shared/_navbar.html.erb (Duration: 2.6ms | Allocations: 862)
  Rendered shared/_flashes.html.erb (Duration: 0.1ms | Allocations: 24)
  Rendered layout layouts/application.html.erb (Duration: 42.2ms | Allocations: 9906)
Completed 200 OK in 49ms (Views: 42.2ms | ActiveRecord: 1.0ms | Allocations: 12232)


Started GET "/chatrooms/1" for ::1 at 2023-02-18 13:49:37 -0500
Processing by ChatroomsController#show as HTML
  Parameters: {"id"=>"1"}
  [1m[36mUser Load (1.7ms)[0m  [1m[34mSELECT "users".* FROM "users" WHERE "users"."id" = $1 ORDER BY "users"."id" ASC LIMIT $2[0m  [["id", 1], ["LIMIT", 1]]
  [1m[36mChatroom Load (0.4ms)[0m  [1m[34mSELECT "chatrooms".* FROM "chatrooms" WHERE "chatrooms"."id" = $1 LIMIT $2[0m  [["id", 1], ["LIMIT", 1]]
  ↳ app/controllers/chatrooms_controller.rb:3:in `show'
  Rendering layout layouts/application.html.erb
  Rendering chatrooms/show.html.erb within layouts/application
  [1m[36mMessage Load (0.5ms)[0m  [1m[34mSELECT "messages".* FROM "messages" WHERE "messages"."chatroom_id" = $1[0m  [["chatroom_id", 1]]
  ↳ app/views/chatrooms/show.html.erb:5
  Rendered chatrooms/show.html.erb within layouts/application (Duration: 21.4ms | Allocations: 8418)
  [1m[36mChatroom Load (0.8ms)[0m  [1m[34mSELECT "chatrooms".* FROM "chatrooms" ORDER BY "chatrooms"."id" ASC LIMIT $1[0m  [["LIMIT", 1]]
  ↳ app/views/shared/_navbar.html.erb:18
  Rendered shared/_navbar.html.erb (Duration: 5.6ms | Allocations: 1241)
  Rendered shared/_flashes.html.erb (Duration: 0.9ms | Allocations: 190)
  Rendered layout layouts/application.html.erb (Duration: 54.1ms | Allocations: 18665)
Completed 200 OK in 97ms (Views: 57.7ms | ActiveRecord: 10.5ms | Allocations: 24403)


Started GET "/chatrooms/1" for ::1 at 2023-02-18 13:50:18 -0500
Processing by ChatroomsController#show as HTML
  Parameters: {"id"=>"1"}
  [1m[36mUser Load (0.3ms)[0m  [1m[34mSELECT "users".* FROM "users" WHERE "users"."id" = $1 ORDER BY "users"."id" ASC LIMIT $2[0m  [["id", 1], ["LIMIT", 1]]
  [1m[36mChatroom Load (0.2ms)[0m  [1m[34mSELECT "chatrooms".* FROM "chatrooms" WHERE "chatrooms"."id" = $1 LIMIT $2[0m  [["id", 1], ["LIMIT", 1]]
  ↳ app/controllers/chatrooms_controller.rb:3:in `show'
  Rendering layout layouts/application.html.erb
  Rendering chatrooms/show.html.erb within layouts/application
  [1m[36mMessage Load (0.4ms)[0m  [1m[34mSELECT "messages".* FROM "messages" WHERE "messages"."chatroom_id" = $1[0m  [["chatroom_id", 1]]
  ↳ app/views/chatrooms/show.html.erb:5
  Rendered chatrooms/show.html.erb within layouts/application (Duration: 15.1ms | Allocations: 9341)
  [1m[36mChatroom Load (0.3ms)[0m  [1m[34mSELECT "chatrooms".* FROM "chatrooms" ORDER BY "chatrooms"."id" ASC LIMIT $1[0m  [["LIMIT", 1]]
  ↳ app/views/shared/_navbar.html.erb:18
  Rendered shared/_navbar.html.erb (Duration: 2.6ms | Allocations: 1003)
  Rendered shared/_flashes.html.erb (Duration: 0.1ms | Allocations: 35)
  Rendered layout layouts/application.html.erb (Duration: 33.7ms | Allocations: 18884)
Completed 200 OK in 72ms (Views: 34.8ms | ActiveRecord: 13.1ms | Allocations: 30316)


Started POST "/chatrooms/1/messages" for ::1 at 2023-02-18 13:50:23 -0500
Processing by MessagesController#create as TURBO_STREAM
  Parameters: {"authenticity_token"=>"[FILTERED]", "message"=>{"content"=>"s"}, "commit"=>"Send", "chatroom_id"=>"1"}
  [1m[36mUser Load (0.5ms)[0m  [1m[34mSELECT "users".* FROM "users" WHERE "users"."id" = $1 ORDER BY "users"."id" ASC LIMIT $2[0m  [["id", 1], ["LIMIT", 1]]
  [1m[36mChatroom Load (0.4ms)[0m  [1m[34mSELECT "chatrooms".* FROM "chatrooms" WHERE "chatrooms"."id" = $1 LIMIT $2[0m  [["id", 1], ["LIMIT", 1]]
  ↳ app/controllers/messages_controller.rb:3:in `create'
  [1m[36mTRANSACTION (0.2ms)[0m  [1m[35mBEGIN[0m
  ↳ app/controllers/messages_controller.rb:7:in `create'
  [1m[36mMessage Create (10.8ms)[0m  [1m[32mINSERT INTO "messages" ("content", "chatroom_id", "user_id", "created_at", "updated_at") VALUES ($1, $2, $3, $4, $5) RETURNING "id"[0m  [["content", "s"], ["chatroom_id", 1], ["user_id", 1], ["created_at", "2023-02-18 18:50:23.154962"], ["updated_at", "2023-02-18 18:50:23.154962"]]
  ↳ app/controllers/messages_controller.rb:7:in `create'
  [1m[36mTRANSACTION (11.0ms)[0m  [1m[35mCOMMIT[0m
  ↳ app/controllers/messages_controller.rb:7:in `create'
Redirected to http://localhost:3000/chatrooms/1
Completed 302 Found in 61ms (ActiveRecord: 22.9ms | Allocations: 6240)


Started GET "/chatrooms/1" for ::1 at 2023-02-18 13:50:23 -0500
Processing by ChatroomsController#show as TURBO_STREAM
  Parameters: {"id"=>"1"}
  [1m[36mUser Load (1.1ms)[0m  [1m[34mSELECT "users".* FROM "users" WHERE "users"."id" = $1 ORDER BY "users"."id" ASC LIMIT $2[0m  [["id", 1], ["LIMIT", 1]]
  [1m[36mChatroom Load (0.4ms)[0m  [1m[34mSELECT "chatrooms".* FROM "chatrooms" WHERE "chatrooms"."id" = $1 LIMIT $2[0m  [["id", 1], ["LIMIT", 1]]
  ↳ app/controllers/chatrooms_controller.rb:3:in `show'
  Rendering layout layouts/application.html.erb
  Rendering chatrooms/show.html.erb within layouts/application
  [1m[36mMessage Load (0.3ms)[0m  [1m[34mSELECT "messages".* FROM "messages" WHERE "messages"."chatroom_id" = $1[0m  [["chatroom_id", 1]]
  ↳ app/views/chatrooms/show.html.erb:5
  [1m[36mUser Load (0.2ms)[0m  [1m[34mSELECT "users".* FROM "users" WHERE "users"."id" = $1 LIMIT $2[0m  [["id", 1], ["LIMIT", 1]]
  ↳ app/views/chatrooms/show.html.erb:8
  Rendered chatrooms/show.html.erb within layouts/application (Duration: 13.0ms | Allocations: 9211)
  [1m[36mChatroom Load (0.7ms)[0m  [1m[34mSELECT "chatrooms".* FROM "chatrooms" ORDER BY "chatrooms"."id" ASC LIMIT $1[0m  [["LIMIT", 1]]
  ↳ app/views/shared/_navbar.html.erb:18
  Rendered shared/_navbar.html.erb (Duration: 3.9ms | Allocations: 860)
  Rendered shared/_flashes.html.erb (Duration: 0.2ms | Allocations: 29)
  Rendered layout layouts/application.html.erb (Duration: 32.0ms | Allocations: 18589)
Completed 200 OK in 40ms (Views: 31.3ms | ActiveRecord: 2.8ms | Allocations: 21060)


Started GET "/" for ::1 at 2023-02-18 13:50:43 -0500
Processing by PagesController#home as HTML
  Rendering layout layouts/application.html.erb
  Rendering pages/home.html.erb within layouts/application
  Rendered pages/home.html.erb within layouts/application (Duration: 0.7ms | Allocations: 112)
  Rendered shared/_navbar.html.erb (Duration: 1.4ms | Allocations: 283)
  Rendered shared/_flashes.html.erb (Duration: 0.2ms | Allocations: 35)
  Rendered layout layouts/application.html.erb (Duration: 19.6ms | Allocations: 9107)
Completed 200 OK in 22ms (Views: 21.2ms | ActiveRecord: 0.0ms | Allocations: 9890)


Started GET "/users/sign_in" for ::1 at 2023-02-18 13:50:46 -0500
Processing by Devise::SessionsController#new as HTML
  Rendering layout layouts/application.html.erb
  Rendering devise/sessions/new.html.erb within layouts/application
  Rendered devise/shared/_links.html.erb (Duration: 1.7ms | Allocations: 547)
  Rendered devise/sessions/new.html.erb within layouts/application (Duration: 25.7ms | Allocations: 21369)
  Rendered shared/_navbar.html.erb (Duration: 0.4ms | Allocations: 193)
  Rendered shared/_flashes.html.erb (Duration: 0.1ms | Allocations: 35)
  Rendered layout layouts/application.html.erb (Duration: 39.4ms | Allocations: 30106)
Completed 200 OK in 43ms (Views: 41.3ms | ActiveRecord: 0.0ms | Allocations: 31494)


Started POST "/users/sign_in" for ::1 at 2023-02-18 13:50:56 -0500
Processing by Devise::SessionsController#create as HTML
  Parameters: {"authenticity_token"=>"[FILTERED]", "user"=>{"email"=>"kelly@theoffice.com", "password"=>"[FILTERED]", "remember_me"=>"1"}, "commit"=>"Log in"}
  [1m[36mUser Load (0.8ms)[0m  [1m[34mSELECT "users".* FROM "users" WHERE "users"."email" = $1 ORDER BY "users"."id" ASC LIMIT $2[0m  [["email", "kelly@theoffice.com"], ["LIMIT", 1]]
  [1m[36mTRANSACTION (0.2ms)[0m  [1m[35mBEGIN[0m
  [1m[36mUser Update (0.4ms)[0m  [1m[33mUPDATE "users" SET "remember_created_at" = $1, "updated_at" = $2 WHERE "users"."id" = $3[0m  [["remember_created_at", "2023-02-18 18:50:56.473522"], ["updated_at", "2023-02-18 18:50:56.473880"], ["id", 2]]
  [1m[36mTRANSACTION (1.7ms)[0m  [1m[35mCOMMIT[0m
Redirected to http://localhost:3000/
Completed 303 See Other in 318ms (ActiveRecord: 3.0ms | Allocations: 6491)


Started GET "/" for ::1 at 2023-02-18 13:50:56 -0500
Processing by PagesController#home as HTML
  Rendering layout layouts/application.html.erb
  Rendering pages/home.html.erb within layouts/application
  Rendered pages/home.html.erb within layouts/application (Duration: 0.0ms | Allocations: 7)
  [1m[36mUser Load (0.3ms)[0m  [1m[34mSELECT "users".* FROM "users" WHERE "users"."id" = $1 ORDER BY "users"."id" ASC LIMIT $2[0m  [["id", 2], ["LIMIT", 1]]
  ↳ app/views/shared/_navbar.html.erb:13
  [1m[36mChatroom Load (0.3ms)[0m  [1m[34mSELECT "chatrooms".* FROM "chatrooms" ORDER BY "chatrooms"."id" ASC LIMIT $1[0m  [["LIMIT", 1]]
  ↳ app/views/shared/_navbar.html.erb:18
  Rendered shared/_navbar.html.erb (Duration: 5.0ms | Allocations: 1666)
  Rendered shared/_flashes.html.erb (Duration: 0.1ms | Allocations: 29)
  Rendered layout layouts/application.html.erb (Duration: 27.0ms | Allocations: 10230)
Completed 200 OK in 28ms (Views: 26.9ms | ActiveRecord: 0.7ms | Allocations: 10471)


Started GET "/chatrooms/1" for ::1 at 2023-02-18 13:50:58 -0500
Processing by ChatroomsController#show as HTML
  Parameters: {"id"=>"1"}
  [1m[36mUser Load (0.3ms)[0m  [1m[34mSELECT "users".* FROM "users" WHERE "users"."id" = $1 ORDER BY "users"."id" ASC LIMIT $2[0m  [["id", 2], ["LIMIT", 1]]
  [1m[36mChatroom Load (0.4ms)[0m  [1m[34mSELECT "chatrooms".* FROM "chatrooms" WHERE "chatrooms"."id" = $1 LIMIT $2[0m  [["id", 1], ["LIMIT", 1]]
  ↳ app/controllers/chatrooms_controller.rb:3:in `show'
  Rendering layout layouts/application.html.erb
  Rendering chatrooms/show.html.erb within layouts/application
  [1m[36mMessage Load (0.4ms)[0m  [1m[34mSELECT "messages".* FROM "messages" WHERE "messages"."chatroom_id" = $1[0m  [["chatroom_id", 1]]
  ↳ app/views/chatrooms/show.html.erb:5
  [1m[36mUser Load (0.4ms)[0m  [1m[34mSELECT "users".* FROM "users" WHERE "users"."id" = $1 LIMIT $2[0m  [["id", 1], ["LIMIT", 1]]
  ↳ app/views/chatrooms/show.html.erb:8
  Rendered chatrooms/show.html.erb within layouts/application (Duration: 13.3ms | Allocations: 8248)
  [1m[36mChatroom Load (0.3ms)[0m  [1m[34mSELECT "chatrooms".* FROM "chatrooms" ORDER BY "chatrooms"."id" ASC LIMIT $1[0m  [["LIMIT", 1]]
  ↳ app/views/shared/_navbar.html.erb:18
  Rendered shared/_navbar.html.erb (Duration: 2.2ms | Allocations: 853)
  Rendered shared/_flashes.html.erb (Duration: 0.1ms | Allocations: 24)
  Rendered layout layouts/application.html.erb (Duration: 29.4ms | Allocations: 17464)
Completed 200 OK in 36ms (Views: 28.9ms | ActiveRecord: 1.9ms | Allocations: 19535)


Started POST "/chatrooms/1/messages" for ::1 at 2023-02-18 13:51:01 -0500
Processing by MessagesController#create as TURBO_STREAM
  Parameters: {"authenticity_token"=>"[FILTERED]", "message"=>{"content"=>"ff"}, "commit"=>"Send", "chatroom_id"=>"1"}
  [1m[36mUser Load (0.3ms)[0m  [1m[34mSELECT "users".* FROM "users" WHERE "users"."id" = $1 ORDER BY "users"."id" ASC LIMIT $2[0m  [["id", 2], ["LIMIT", 1]]
  [1m[36mChatroom Load (0.4ms)[0m  [1m[34mSELECT "chatrooms".* FROM "chatrooms" WHERE "chatrooms"."id" = $1 LIMIT $2[0m  [["id", 1], ["LIMIT", 1]]
  ↳ app/controllers/messages_controller.rb:3:in `create'
  [1m[36mTRANSACTION (0.2ms)[0m  [1m[35mBEGIN[0m
  ↳ app/controllers/messages_controller.rb:7:in `create'
  [1m[36mMessage Create (1.5ms)[0m  [1m[32mINSERT INTO "messages" ("content", "chatroom_id", "user_id", "created_at", "updated_at") VALUES ($1, $2, $3, $4, $5) RETURNING "id"[0m  [["content", "ff"], ["chatroom_id", 1], ["user_id", 2], ["created_at", "2023-02-18 18:51:01.316117"], ["updated_at", "2023-02-18 18:51:01.316117"]]
  ↳ app/controllers/messages_controller.rb:7:in `create'
  [1m[36mTRANSACTION (3.0ms)[0m  [1m[35mCOMMIT[0m
  ↳ app/controllers/messages_controller.rb:7:in `create'
Redirected to http://localhost:3000/chatrooms/1
Completed 302 Found in 20ms (ActiveRecord: 5.4ms | Allocations: 3833)


Started GET "/chatrooms/1" for ::1 at 2023-02-18 13:51:01 -0500
Processing by ChatroomsController#show as TURBO_STREAM
  Parameters: {"id"=>"1"}
  [1m[36mUser Load (0.3ms)[0m  [1m[34mSELECT "users".* FROM "users" WHERE "users"."id" = $1 ORDER BY "users"."id" ASC LIMIT $2[0m  [["id", 2], ["LIMIT", 1]]
  [1m[36mChatroom Load (0.4ms)[0m  [1m[34mSELECT "chatrooms".* FROM "chatrooms" WHERE "chatrooms"."id" = $1 LIMIT $2[0m  [["id", 1], ["LIMIT", 1]]
  ↳ app/controllers/chatrooms_controller.rb:3:in `show'
  Rendering layout layouts/application.html.erb
  Rendering chatrooms/show.html.erb within layouts/application
  [1m[36mMessage Load (0.4ms)[0m  [1m[34mSELECT "messages".* FROM "messages" WHERE "messages"."chatroom_id" = $1[0m  [["chatroom_id", 1]]
  ↳ app/views/chatrooms/show.html.erb:5
  [1m[36mUser Load (0.4ms)[0m  [1m[34mSELECT "users".* FROM "users" WHERE "users"."id" = $1 LIMIT $2[0m  [["id", 1], ["LIMIT", 1]]
  ↳ app/views/chatrooms/show.html.erb:8
  [1m[36mUser Load (0.4ms)[0m  [1m[34mSELECT "users".* FROM "users" WHERE "users"."id" = $1 LIMIT $2[0m  [["id", 2], ["LIMIT", 1]]
  ↳ app/views/chatrooms/show.html.erb:8
  Rendered chatrooms/show.html.erb within layouts/application (Duration: 25.0ms | Allocations: 8918)
  [1m[36mChatroom Load (2.3ms)[0m  [1m[34mSELECT "chatrooms".* FROM "chatrooms" ORDER BY "chatrooms"."id" ASC LIMIT $1[0m  [["LIMIT", 1]]
  ↳ app/views/shared/_navbar.html.erb:18
  Rendered shared/_navbar.html.erb (Duration: 6.0ms | Allocations: 853)
  Rendered shared/_flashes.html.erb (Duration: 0.1ms | Allocations: 24)
  Rendered layout layouts/application.html.erb (Duration: 52.8ms | Allocations: 18129)
Completed 200 OK in 61ms (Views: 49.9ms | ActiveRecord: 4.1ms | Allocations: 20199)


Started GET "/chatrooms/1" for ::1 at 2023-02-18 13:51:04 -0500
Processing by ChatroomsController#show as HTML
  Parameters: {"id"=>"1"}
  [1m[36mUser Load (0.3ms)[0m  [1m[34mSELECT "users".* FROM "users" WHERE "users"."id" = $1 ORDER BY "users"."id" ASC LIMIT $2[0m  [["id", 1], ["LIMIT", 1]]
  [1m[36mChatroom Load (0.3ms)[0m  [1m[34mSELECT "chatrooms".* FROM "chatrooms" WHERE "chatrooms"."id" = $1 LIMIT $2[0m  [["id", 1], ["LIMIT", 1]]
  ↳ app/controllers/chatrooms_controller.rb:3:in `show'
  Rendering layout layouts/application.html.erb
  Rendering chatrooms/show.html.erb within layouts/application
  [1m[36mMessage Load (0.4ms)[0m  [1m[34mSELECT "messages".* FROM "messages" WHERE "messages"."chatroom_id" = $1[0m  [["chatroom_id", 1]]
  ↳ app/views/chatrooms/show.html.erb:5
  [1m[36mUser Load (0.3ms)[0m  [1m[34mSELECT "users".* FROM "users" WHERE "users"."id" = $1 LIMIT $2[0m  [["id", 1], ["LIMIT", 1]]
  ↳ app/views/chatrooms/show.html.erb:8
  [1m[36mUser Load (0.4ms)[0m  [1m[34mSELECT "users".* FROM "users" WHERE "users"."id" = $1 LIMIT $2[0m  [["id", 2], ["LIMIT", 1]]
  ↳ app/views/chatrooms/show.html.erb:8
  Rendered chatrooms/show.html.erb within layouts/application (Duration: 18.7ms | Allocations: 8919)
  [1m[36mChatroom Load (0.4ms)[0m  [1m[34mSELECT "chatrooms".* FROM "chatrooms" ORDER BY "chatrooms"."id" ASC LIMIT $1[0m  [["LIMIT", 1]]
  ↳ app/views/shared/_navbar.html.erb:18
  Rendered shared/_navbar.html.erb (Duration: 3.9ms | Allocations: 853)
  Rendered shared/_flashes.html.erb (Duration: 0.1ms | Allocations: 24)
  Rendered layout layouts/application.html.erb (Duration: 38.4ms | Allocations: 18198)
Completed 200 OK in 46ms (Views: 37.8ms | ActiveRecord: 2.1ms | Allocations: 20431)


Started POST "/chatrooms/1/messages" for ::1 at 2023-02-18 13:52:49 -0500
Processing by MessagesController#create as TURBO_STREAM
  Parameters: {"authenticity_token"=>"[FILTERED]", "message"=>{"content"=>"dddd"}, "commit"=>"Send", "chatroom_id"=>"1"}
  [1m[36mUser Load (0.3ms)[0m  [1m[34mSELECT "users".* FROM "users" WHERE "users"."id" = $1 ORDER BY "users"."id" ASC LIMIT $2[0m  [["id", 1], ["LIMIT", 1]]
  [1m[36mChatroom Load (0.3ms)[0m  [1m[34mSELECT "chatrooms".* FROM "chatrooms" WHERE "chatrooms"."id" = $1 LIMIT $2[0m  [["id", 1], ["LIMIT", 1]]
  ↳ app/controllers/messages_controller.rb:3:in `create'
  [1m[36mTRANSACTION (0.2ms)[0m  [1m[35mBEGIN[0m
  ↳ app/controllers/messages_controller.rb:7:in `create'
  [1m[36mMessage Create (0.6ms)[0m  [1m[32mINSERT INTO "messages" ("content", "chatroom_id", "user_id", "created_at", "updated_at") VALUES ($1, $2, $3, $4, $5) RETURNING "id"[0m  [["content", "dddd"], ["chatroom_id", 1], ["user_id", 1], ["created_at", "2023-02-18 18:52:50.020540"], ["updated_at", "2023-02-18 18:52:50.020540"]]
  ↳ app/controllers/messages_controller.rb:7:in `create'
  [1m[36mTRANSACTION (0.5ms)[0m  [1m[35mCOMMIT[0m
  ↳ app/controllers/messages_controller.rb:7:in `create'
Redirected to http://localhost:3000/chatrooms/1
Completed 302 Found in 63ms (ActiveRecord: 17.4ms | Allocations: 14059)


Started GET "/chatrooms/1" for ::1 at 2023-02-18 13:52:50 -0500
Processing by ChatroomsController#show as TURBO_STREAM
  Parameters: {"id"=>"1"}
  [1m[36mUser Load (0.3ms)[0m  [1m[34mSELECT "users".* FROM "users" WHERE "users"."id" = $1 ORDER BY "users"."id" ASC LIMIT $2[0m  [["id", 1], ["LIMIT", 1]]
  [1m[36mChatroom Load (6.4ms)[0m  [1m[34mSELECT "chatrooms".* FROM "chatrooms" WHERE "chatrooms"."id" = $1 LIMIT $2[0m  [["id", 1], ["LIMIT", 1]]
  ↳ app/controllers/chatrooms_controller.rb:3:in `show'
  Rendering layout layouts/application.html.erb
  Rendering chatrooms/show.html.erb within layouts/application
  [1m[36mMessage Load (4.5ms)[0m  [1m[34mSELECT "messages".* FROM "messages" WHERE "messages"."chatroom_id" = $1[0m  [["chatroom_id", 1]]
  ↳ app/views/chatrooms/show.html.erb:5
  [1m[36mUser Load (3.2ms)[0m  [1m[34mSELECT "users".* FROM "users" WHERE "users"."id" = $1 LIMIT $2[0m  [["id", 1], ["LIMIT", 1]]
  ↳ app/views/chatrooms/show.html.erb:8
  [1m[36mUser Load (0.3ms)[0m  [1m[34mSELECT "users".* FROM "users" WHERE "users"."id" = $1 LIMIT $2[0m  [["id", 2], ["LIMIT", 1]]
  ↳ app/views/chatrooms/show.html.erb:8
  [1m[36mCACHE User Load (0.0ms)[0m  [1m[34mSELECT "users".* FROM "users" WHERE "users"."id" = $1 LIMIT $2[0m  [["id", 1], ["LIMIT", 1]]
  ↳ app/views/chatrooms/show.html.erb:8
  Rendered chatrooms/show.html.erb within layouts/application (Duration: 59.3ms | Allocations: 12253)
  [1m[36mChatroom Load (0.4ms)[0m  [1m[34mSELECT "chatrooms".* FROM "chatrooms" ORDER BY "chatrooms"."id" ASC LIMIT $1[0m  [["LIMIT", 1]]
  ↳ app/views/shared/_navbar.html.erb:18
  Rendered shared/_navbar.html.erb (Duration: 3.7ms | Allocations: 992)
  Rendered shared/_flashes.html.erb (Duration: 0.1ms | Allocations: 35)
  Rendered layout layouts/application.html.erb (Duration: 540.5ms | Allocations: 24610)
Completed 200 OK in 563ms (Views: 533.7ms | ActiveRecord: 15.1ms | Allocations: 27400)


Started GET "/chatrooms/1" for ::1 at 2023-02-18 13:52:50 -0500
Processing by ChatroomsController#show as HTML
  Parameters: {"id"=>"1"}
  [1m[36mUser Load (3.5ms)[0m  [1m[34mSELECT "users".* FROM "users" WHERE "users"."id" = $1 ORDER BY "users"."id" ASC LIMIT $2[0m  [["id", 1], ["LIMIT", 1]]
  [1m[36mChatroom Load (0.4ms)[0m  [1m[34mSELECT "chatrooms".* FROM "chatrooms" WHERE "chatrooms"."id" = $1 LIMIT $2[0m  [["id", 1], ["LIMIT", 1]]
  ↳ app/controllers/chatrooms_controller.rb:3:in `show'
  Rendering layout layouts/application.html.erb
  Rendering chatrooms/show.html.erb within layouts/application
  [1m[36mMessage Load (0.7ms)[0m  [1m[34mSELECT "messages".* FROM "messages" WHERE "messages"."chatroom_id" = $1[0m  [["chatroom_id", 1]]
  ↳ app/views/chatrooms/show.html.erb:5
  [1m[36mUser Load (0.4ms)[0m  [1m[34mSELECT "users".* FROM "users" WHERE "users"."id" = $1 LIMIT $2[0m  [["id", 1], ["LIMIT", 1]]
  ↳ app/views/chatrooms/show.html.erb:8
  [1m[36mUser Load (0.2ms)[0m  [1m[34mSELECT "users".* FROM "users" WHERE "users"."id" = $1 LIMIT $2[0m  [["id", 2], ["LIMIT", 1]]
  ↳ app/views/chatrooms/show.html.erb:8
  [1m[36mCACHE User Load (0.0ms)[0m  [1m[34mSELECT "users".* FROM "users" WHERE "users"."id" = $1 LIMIT $2[0m  [["id", 1], ["LIMIT", 1]]
  ↳ app/views/chatrooms/show.html.erb:8
  Rendered chatrooms/show.html.erb within layouts/application (Duration: 41.9ms | Allocations: 9560)
  [1m[36mChatroom Load (0.3ms)[0m  [1m[34mSELECT "chatrooms".* FROM "chatrooms" ORDER BY "chatrooms"."id" ASC LIMIT $1[0m  [["LIMIT", 1]]
  ↳ app/views/shared/_navbar.html.erb:18
  Rendered shared/_navbar.html.erb (Duration: 2.6ms | Allocations: 853)
  Rendered shared/_flashes.html.erb (Duration: 0.1ms | Allocations: 24)
  Rendered layout layouts/application.html.erb (Duration: 92.6ms | Allocations: 18785)
Completed 200 OK in 110ms (Views: 91.7ms | ActiveRecord: 5.6ms | Allocations: 21079)


Started GET "/chatrooms/1" for ::1 at 2023-02-18 13:52:58 -0500
Processing by ChatroomsController#show as HTML
  Parameters: {"id"=>"1"}
  [1m[36mUser Load (4.3ms)[0m  [1m[34mSELECT "users".* FROM "users" WHERE "users"."id" = $1 ORDER BY "users"."id" ASC LIMIT $2[0m  [["id", 2], ["LIMIT", 1]]
  [1m[36mChatroom Load (8.9ms)[0m  [1m[34mSELECT "chatrooms".* FROM "chatrooms" WHERE "chatrooms"."id" = $1 LIMIT $2[0m  [["id", 1], ["LIMIT", 1]]
  ↳ app/controllers/chatrooms_controller.rb:3:in `show'
  Rendering layout layouts/application.html.erb
  Rendering chatrooms/show.html.erb within layouts/application
  [1m[36mMessage Load (1.4ms)[0m  [1m[34mSELECT "messages".* FROM "messages" WHERE "messages"."chatroom_id" = $1[0m  [["chatroom_id", 1]]
  ↳ app/views/chatrooms/show.html.erb:5
  [1m[36mUser Load (18.3ms)[0m  [1m[34mSELECT "users".* FROM "users" WHERE "users"."id" = $1 LIMIT $2[0m  [["id", 1], ["LIMIT", 1]]
  ↳ app/views/chatrooms/show.html.erb:8
  [1m[36mUser Load (0.5ms)[0m  [1m[34mSELECT "users".* FROM "users" WHERE "users"."id" = $1 LIMIT $2[0m  [["id", 2], ["LIMIT", 1]]
  ↳ app/views/chatrooms/show.html.erb:8
  [1m[36mCACHE User Load (0.0ms)[0m  [1m[34mSELECT "users".* FROM "users" WHERE "users"."id" = $1 LIMIT $2[0m  [["id", 1], ["LIMIT", 1]]
  ↳ app/views/chatrooms/show.html.erb:8
  Rendered chatrooms/show.html.erb within layouts/application (Duration: 42.2ms | Allocations: 9574)
  [1m[36mChatroom Load (11.8ms)[0m  [1m[34mSELECT "chatrooms".* FROM "chatrooms" ORDER BY "chatrooms"."id" ASC LIMIT $1[0m  [["LIMIT", 1]]
  ↳ app/views/shared/_navbar.html.erb:18
  Rendered shared/_navbar.html.erb (Duration: 14.3ms | Allocations: 853)
  Rendered shared/_flashes.html.erb (Duration: 0.1ms | Allocations: 24)
  Rendered layout layouts/application.html.erb (Duration: 80.3ms | Allocations: 18835)
Completed 200 OK in 155ms (Views: 49.0ms | ActiveRecord: 45.2ms | Allocations: 20914)


  [1m[36mActiveRecord::SchemaMigration Pluck (0.6ms)[0m  [1m[34mSELECT "schema_migrations"."version" FROM "schema_migrations" ORDER BY "schema_migrations"."version" ASC[0m
  [1m[36mTRANSACTION (0.2ms)[0m  [1m[35mBEGIN[0m
  [1m[36mChatroom Create (0.6ms)[0m  [1m[32mINSERT INTO "chatrooms" ("name", "created_at", "updated_at") VALUES ($1, $2, $3) RETURNING "id"[0m  [["name", "general"], ["created_at", "2023-02-18 18:55:36.580251"], ["updated_at", "2023-02-18 18:55:36.580251"]]
  [1m[36mTRANSACTION (7.3ms)[0m  [1m[35mCOMMIT[0m
  [1m[36mTRANSACTION (0.2ms)[0m  [1m[35mBEGIN[0m
  [1m[36mUser Exists? (1.7ms)[0m  [1m[34mSELECT 1 AS one FROM "users" WHERE "users"."email" = $1 LIMIT $2[0m  [["email", "pam@theoffice.com"], ["LIMIT", 1]]
  [1m[36mTRANSACTION (0.2ms)[0m  [1m[31mROLLBACK[0m
  [1m[36mTRANSACTION (0.2ms)[0m  [1m[35mBEGIN[0m
  [1m[36mUser Exists? (0.3ms)[0m  [1m[34mSELECT 1 AS one FROM "users" WHERE "users"."email" = $1 LIMIT $2[0m  [["email", "kelly@theoffice.com"], ["LIMIT", 1]]
  [1m[36mTRANSACTION (0.2ms)[0m  [1m[31mROLLBACK[0m
  [1m[36mTRANSACTION (0.2ms)[0m  [1m[35mBEGIN[0m
  [1m[36mUser Exists? (0.3ms)[0m  [1m[34mSELECT 1 AS one FROM "users" WHERE "users"."email" = $1 LIMIT $2[0m  [["email", "michael@theoffice.com"], ["LIMIT", 1]]
  [1m[36mUser Create (0.4ms)[0m  [1m[32mINSERT INTO "users" ("email", "encrypted_password", "reset_password_token", "reset_password_sent_at", "remember_created_at", "created_at", "updated_at", "nickname") VALUES ($1, $2, $3, $4, $5, $6, $7, $8) RETURNING "id"[0m  [["email", "michael@theoffice.com"], ["encrypted_password", "[FILTERED]"], ["reset_password_token", "[FILTERED]"], ["reset_password_sent_at", "[FILTERED]"], ["remember_created_at", nil], ["created_at", "2023-02-18 18:55:37.510246"], ["updated_at", "2023-02-18 18:55:37.510246"], ["nickname", "michael"]]
  [1m[36mTRANSACTION (0.8ms)[0m  [1m[35mCOMMIT[0m
Started DELETE "/users/sign_out" for ::1 at 2023-02-18 13:55:48 -0500
  [1m[36mActiveRecord::SchemaMigration Pluck (0.7ms)[0m  [1m[34mSELECT "schema_migrations"."version" FROM "schema_migrations" ORDER BY "schema_migrations"."version" ASC[0m
Processing by Devise::SessionsController#destroy as TURBO_STREAM
  [1m[36mUser Load (0.6ms)[0m  [1m[34mSELECT "users".* FROM "users" WHERE "users"."id" = $1 ORDER BY "users"."id" ASC LIMIT $2[0m  [["id", 2], ["LIMIT", 1]]
  [1m[36mTRANSACTION (0.2ms)[0m  [1m[35mBEGIN[0m
  [1m[36mUser Update (0.5ms)[0m  [1m[33mUPDATE "users" SET "remember_created_at" = $1, "updated_at" = $2 WHERE "users"."id" = $3[0m  [["remember_created_at", nil], ["updated_at", "2023-02-18 18:55:48.624887"], ["id", 2]]
  [1m[36mTRANSACTION (0.5ms)[0m  [1m[35mCOMMIT[0m
Redirected to http://localhost:3000/
Completed 303 See Other in 119ms (ActiveRecord: 6.9ms | Allocations: 17011)


Started GET "/" for ::1 at 2023-02-18 13:55:48 -0500
Processing by PagesController#home as TURBO_STREAM
  Rendering layout layouts/application.html.erb
  Rendering pages/home.html.erb within layouts/application
  Rendered pages/home.html.erb within layouts/application (Duration: 1.4ms | Allocations: 279)
  Rendered shared/_navbar.html.erb (Duration: 7.1ms | Allocations: 723)
  Rendered shared/_flashes.html.erb (Duration: 1.2ms | Allocations: 203)
  Rendered layout layouts/application.html.erb (Duration: 353.3ms | Allocations: 54345)
Completed 200 OK in 373ms (Views: 369.2ms | ActiveRecord: 0.0ms | Allocations: 56386)


Started GET "/users/sign_in" for ::1 at 2023-02-18 13:55:50 -0500
Processing by Devise::SessionsController#new as HTML
  Rendering layout layouts/application.html.erb
  Rendering devise/sessions/new.html.erb within layouts/application
  Rendered devise/shared/_links.html.erb (Duration: 1.8ms | Allocations: 674)
  Rendered devise/sessions/new.html.erb within layouts/application (Duration: 76.1ms | Allocations: 28264)
  Rendered shared/_navbar.html.erb (Duration: 0.6ms | Allocations: 194)
  Rendered shared/_flashes.html.erb (Duration: 0.1ms | Allocations: 35)
  Rendered layout layouts/application.html.erb (Duration: 96.4ms | Allocations: 36994)
Completed 200 OK in 102ms (Views: 98.8ms | ActiveRecord: 0.0ms | Allocations: 38355)


Started POST "/users/sign_in" for ::1 at 2023-02-18 13:55:59 -0500
Processing by Devise::SessionsController#create as HTML
  Parameters: {"authenticity_token"=>"[FILTERED]", "user"=>{"email"=>"michael@theoffice.com", "password"=>"[FILTERED]", "remember_me"=>"0"}, "commit"=>"Log in"}
  [1m[36mUser Load (0.3ms)[0m  [1m[34mSELECT "users".* FROM "users" WHERE "users"."email" = $1 ORDER BY "users"."id" ASC LIMIT $2[0m  [["email", "michael@theoffice.com"], ["LIMIT", 1]]
Redirected to http://localhost:3000/
Completed 303 See Other in 319ms (ActiveRecord: 0.3ms | Allocations: 3981)


Started GET "/" for ::1 at 2023-02-18 13:55:59 -0500
Processing by PagesController#home as HTML
  Rendering layout layouts/application.html.erb
  Rendering pages/home.html.erb within layouts/application
  Rendered pages/home.html.erb within layouts/application (Duration: 0.1ms | Allocations: 9)
  [1m[36mUser Load (0.4ms)[0m  [1m[34mSELECT "users".* FROM "users" WHERE "users"."id" = $1 ORDER BY "users"."id" ASC LIMIT $2[0m  [["id", 3], ["LIMIT", 1]]
  ↳ app/views/shared/_navbar.html.erb:13
  [1m[36mChatroom Load (0.4ms)[0m  [1m[34mSELECT "chatrooms".* FROM "chatrooms" ORDER BY "chatrooms"."id" ASC LIMIT $1[0m  [["LIMIT", 1]]
  ↳ app/views/shared/_navbar.html.erb:18
  Rendered shared/_navbar.html.erb (Duration: 13.9ms | Allocations: 4932)
  Rendered shared/_flashes.html.erb (Duration: 0.1ms | Allocations: 39)
  Rendered layout layouts/application.html.erb (Duration: 31.8ms | Allocations: 13691)
Completed 200 OK in 33ms (Views: 29.2ms | ActiveRecord: 3.3ms | Allocations: 13994)


Started GET "/chatrooms/1" for ::1 at 2023-02-18 13:56:01 -0500
Processing by ChatroomsController#show as HTML
  Parameters: {"id"=>"1"}
  [1m[36mUser Load (0.4ms)[0m  [1m[34mSELECT "users".* FROM "users" WHERE "users"."id" = $1 ORDER BY "users"."id" ASC LIMIT $2[0m  [["id", 3], ["LIMIT", 1]]
  [1m[36mChatroom Load (0.3ms)[0m  [1m[34mSELECT "chatrooms".* FROM "chatrooms" WHERE "chatrooms"."id" = $1 LIMIT $2[0m  [["id", 1], ["LIMIT", 1]]
  ↳ app/controllers/chatrooms_controller.rb:3:in `show'
  Rendering layout layouts/application.html.erb
  Rendering chatrooms/show.html.erb within layouts/application
  [1m[36mMessage Load (0.8ms)[0m  [1m[34mSELECT "messages".* FROM "messages" WHERE "messages"."chatroom_id" = $1[0m  [["chatroom_id", 1]]
  ↳ app/views/chatrooms/show.html.erb:5
  [1m[36mUser Load (0.3ms)[0m  [1m[34mSELECT "users".* FROM "users" WHERE "users"."id" = $1 LIMIT $2[0m  [["id", 1], ["LIMIT", 1]]
  ↳ app/views/chatrooms/show.html.erb:8
  [1m[36mUser Load (0.4ms)[0m  [1m[34mSELECT "users".* FROM "users" WHERE "users"."id" = $1 LIMIT $2[0m  [["id", 2], ["LIMIT", 1]]
  ↳ app/views/chatrooms/show.html.erb:8
  [1m[36mCACHE User Load (0.0ms)[0m  [1m[34mSELECT "users".* FROM "users" WHERE "users"."id" = $1 LIMIT $2[0m  [["id", 1], ["LIMIT", 1]]
  ↳ app/views/chatrooms/show.html.erb:8
  Rendered chatrooms/show.html.erb within layouts/application (Duration: 42.6ms | Allocations: 15262)
  [1m[36mChatroom Load (0.4ms)[0m  [1m[34mSELECT "chatrooms".* FROM "chatrooms" ORDER BY "chatrooms"."id" ASC LIMIT $1[0m  [["LIMIT", 1]]
  ↳ app/views/shared/_navbar.html.erb:18
  Rendered shared/_navbar.html.erb (Duration: 3.4ms | Allocations: 908)
  Rendered shared/_flashes.html.erb (Duration: 0.1ms | Allocations: 35)
  Rendered layout layouts/application.html.erb (Duration: 68.2ms | Allocations: 24719)
Completed 200 OK in 102ms (Views: 68.6ms | ActiveRecord: 7.9ms | Allocations: 31990)


Started POST "/chatrooms/1/messages" for ::1 at 2023-02-18 13:56:12 -0500
Processing by MessagesController#create as TURBO_STREAM
  Parameters: {"authenticity_token"=>"[FILTERED]", "message"=>{"content"=>"sss"}, "commit"=>"Send", "chatroom_id"=>"1"}
  [1m[36mUser Load (0.3ms)[0m  [1m[34mSELECT "users".* FROM "users" WHERE "users"."id" = $1 ORDER BY "users"."id" ASC LIMIT $2[0m  [["id", 3], ["LIMIT", 1]]
  [1m[36mChatroom Load (0.2ms)[0m  [1m[34mSELECT "chatrooms".* FROM "chatrooms" WHERE "chatrooms"."id" = $1 LIMIT $2[0m  [["id", 1], ["LIMIT", 1]]
  ↳ app/controllers/messages_controller.rb:3:in `create'
  [1m[36mTRANSACTION (0.2ms)[0m  [1m[35mBEGIN[0m
  ↳ app/controllers/messages_controller.rb:7:in `create'
  [1m[36mMessage Create (1.2ms)[0m  [1m[32mINSERT INTO "messages" ("content", "chatroom_id", "user_id", "created_at", "updated_at") VALUES ($1, $2, $3, $4, $5) RETURNING "id"[0m  [["content", "sss"], ["chatroom_id", 1], ["user_id", 3], ["created_at", "2023-02-18 18:56:12.717016"], ["updated_at", "2023-02-18 18:56:12.717016"]]
  ↳ app/controllers/messages_controller.rb:7:in `create'
  [1m[36mTRANSACTION (0.6ms)[0m  [1m[35mCOMMIT[0m
  ↳ app/controllers/messages_controller.rb:7:in `create'
Redirected to http://localhost:3000/chatrooms/1
Completed 302 Found in 13ms (ActiveRecord: 2.5ms | Allocations: 4570)


Started GET "/chatrooms/1" for ::1 at 2023-02-18 13:56:12 -0500
Processing by ChatroomsController#show as TURBO_STREAM
  Parameters: {"id"=>"1"}
  [1m[36mUser Load (0.5ms)[0m  [1m[34mSELECT "users".* FROM "users" WHERE "users"."id" = $1 ORDER BY "users"."id" ASC LIMIT $2[0m  [["id", 3], ["LIMIT", 1]]
  [1m[36mChatroom Load (0.4ms)[0m  [1m[34mSELECT "chatrooms".* FROM "chatrooms" WHERE "chatrooms"."id" = $1 LIMIT $2[0m  [["id", 1], ["LIMIT", 1]]
  ↳ app/controllers/chatrooms_controller.rb:3:in `show'
  Rendering layout layouts/application.html.erb
  Rendering chatrooms/show.html.erb within layouts/application
  [1m[36mMessage Load (0.4ms)[0m  [1m[34mSELECT "messages".* FROM "messages" WHERE "messages"."chatroom_id" = $1[0m  [["chatroom_id", 1]]
  ↳ app/views/chatrooms/show.html.erb:5
  [1m[36mUser Load (0.5ms)[0m  [1m[34mSELECT "users".* FROM "users" WHERE "users"."id" = $1 LIMIT $2[0m  [["id", 1], ["LIMIT", 1]]
  ↳ app/views/chatrooms/show.html.erb:8
  [1m[36mUser Load (0.5ms)[0m  [1m[34mSELECT "users".* FROM "users" WHERE "users"."id" = $1 LIMIT $2[0m  [["id", 2], ["LIMIT", 1]]
  ↳ app/views/chatrooms/show.html.erb:8
  [1m[36mCACHE User Load (0.0ms)[0m  [1m[34mSELECT "users".* FROM "users" WHERE "users"."id" = $1 LIMIT $2[0m  [["id", 1], ["LIMIT", 1]]
  ↳ app/views/chatrooms/show.html.erb:8
  [1m[36mUser Load (0.3ms)[0m  [1m[34mSELECT "users".* FROM "users" WHERE "users"."id" = $1 LIMIT $2[0m  [["id", 3], ["LIMIT", 1]]
  ↳ app/views/chatrooms/show.html.erb:8
  Rendered chatrooms/show.html.erb within layouts/application (Duration: 20.2ms | Allocations: 10447)
  [1m[36mChatroom Load (0.3ms)[0m  [1m[34mSELECT "chatrooms".* FROM "chatrooms" ORDER BY "chatrooms"."id" ASC LIMIT $1[0m  [["LIMIT", 1]]
  ↳ app/views/shared/_navbar.html.erb:18
  Rendered shared/_navbar.html.erb (Duration: 3.3ms | Allocations: 860)
  Rendered shared/_flashes.html.erb (Duration: 0.1ms | Allocations: 29)
  Rendered layout layouts/application.html.erb (Duration: 38.3ms | Allocations: 19958)
Completed 200 OK in 46ms (Views: 36.9ms | ActiveRecord: 2.9ms | Allocations: 22056)


Started GET "/chatrooms/1" for ::1 at 2023-02-18 13:56:18 -0500
Processing by ChatroomsController#show as HTML
  Parameters: {"id"=>"1"}
  [1m[36mUser Load (0.5ms)[0m  [1m[34mSELECT "users".* FROM "users" WHERE "users"."id" = $1 ORDER BY "users"."id" ASC LIMIT $2[0m  [["id", 1], ["LIMIT", 1]]
  [1m[36mChatroom Load (0.3ms)[0m  [1m[34mSELECT "chatrooms".* FROM "chatrooms" WHERE "chatrooms"."id" = $1 LIMIT $2[0m  [["id", 1], ["LIMIT", 1]]
  ↳ app/controllers/chatrooms_controller.rb:3:in `show'
  Rendering layout layouts/application.html.erb
  Rendering chatrooms/show.html.erb within layouts/application
  [1m[36mMessage Load (0.3ms)[0m  [1m[34mSELECT "messages".* FROM "messages" WHERE "messages"."chatroom_id" = $1[0m  [["chatroom_id", 1]]
  ↳ app/views/chatrooms/show.html.erb:5
  [1m[36mUser Load (0.2ms)[0m  [1m[34mSELECT "users".* FROM "users" WHERE "users"."id" = $1 LIMIT $2[0m  [["id", 1], ["LIMIT", 1]]
  ↳ app/views/chatrooms/show.html.erb:8
  [1m[36mUser Load (0.2ms)[0m  [1m[34mSELECT "users".* FROM "users" WHERE "users"."id" = $1 LIMIT $2[0m  [["id", 2], ["LIMIT", 1]]
  ↳ app/views/chatrooms/show.html.erb:8
  [1m[36mCACHE User Load (0.0ms)[0m  [1m[34mSELECT "users".* FROM "users" WHERE "users"."id" = $1 LIMIT $2[0m  [["id", 1], ["LIMIT", 1]]
  ↳ app/views/chatrooms/show.html.erb:8
  [1m[36mUser Load (0.2ms)[0m  [1m[34mSELECT "users".* FROM "users" WHERE "users"."id" = $1 LIMIT $2[0m  [["id", 3], ["LIMIT", 1]]
  ↳ app/views/chatrooms/show.html.erb:8
  Rendered chatrooms/show.html.erb within layouts/application (Duration: 17.2ms | Allocations: 10278)
  [1m[36mChatroom Load (0.3ms)[0m  [1m[34mSELECT "chatrooms".* FROM "chatrooms" ORDER BY "chatrooms"."id" ASC LIMIT $1[0m  [["LIMIT", 1]]
  ↳ app/views/shared/_navbar.html.erb:18
  Rendered shared/_navbar.html.erb (Duration: 2.0ms | Allocations: 853)
  Rendered shared/_flashes.html.erb (Duration: 0.1ms | Allocations: 24)
  Rendered layout layouts/application.html.erb (Duration: 36.8ms | Allocations: 19486)
Completed 200 OK in 45ms (Views: 36.2ms | ActiveRecord: 1.9ms | Allocations: 21709)


